Using pre-set license
Built from '2021.3/china_unity/release' branch; Version is '2021.3.4f1c1 (64682593795a) revision 6580261'; Using compiler version '192829333'; Build Type 'Release'
OS: 'Windows 10  (10.0.19045) 64bit Enterprise' Language: 'zh' Physical Memory: 32703 MB
BatchMode: 1, IsHumanControllingUs: 0, StartBugReporterOnCrash: 0, Is64bit: 1, IsPro: 1

COMMAND LINE ARGUMENTS:
C:\Program Files\Unity 2021.3.4f1c1\Editor\Unity.exe
-adb2
-batchMode
-noUpm
-name
AssetImportWorker0
-projectPath
D:/Github/AssetsReferenceTool/AssetsReferenceTool
-logFile
Logs/AssetImportWorker0.log
-srvPort
61774
Successfully changed project path to: D:/Github/AssetsReferenceTool/AssetsReferenceTool
D:/Github/AssetsReferenceTool/AssetsReferenceTool
[UnityMemory] Configuration Parameters - Can be set up in boot.config
    "memorysetup-bucket-allocator-granularity=16"
    "memorysetup-bucket-allocator-bucket-count=8"
    "memorysetup-bucket-allocator-block-size=33554432"
    "memorysetup-bucket-allocator-block-count=8"
    "memorysetup-main-allocator-block-size=16777216"
    "memorysetup-thread-allocator-block-size=16777216"
    "memorysetup-gfx-main-allocator-block-size=16777216"
    "memorysetup-gfx-thread-allocator-block-size=16777216"
    "memorysetup-cache-allocator-block-size=4194304"
    "memorysetup-typetree-allocator-block-size=2097152"
    "memorysetup-profiler-bucket-allocator-granularity=16"
    "memorysetup-profiler-bucket-allocator-bucket-count=8"
    "memorysetup-profiler-bucket-allocator-block-size=33554432"
    "memorysetup-profiler-bucket-allocator-block-count=8"
    "memorysetup-profiler-allocator-block-size=16777216"
    "memorysetup-profiler-editor-allocator-block-size=1048576"
    "memorysetup-temp-allocator-size-main=16777216"
    "memorysetup-job-temp-allocator-block-size=2097152"
    "memorysetup-job-temp-allocator-block-size-background=1048576"
    "memorysetup-job-temp-allocator-reduction-small-platforms=262144"
    "memorysetup-temp-allocator-size-background-worker=32768"
    "memorysetup-temp-allocator-size-job-worker=262144"
    "memorysetup-temp-allocator-size-preload-manager=33554432"
    "memorysetup-temp-allocator-size-nav-mesh-worker=65536"
    "memorysetup-temp-allocator-size-audio-worker=65536"
    "memorysetup-temp-allocator-size-cloud-worker=32768"
    "memorysetup-temp-allocator-size-gi-baking-worker=262144"
    "memorysetup-temp-allocator-size-gfx=262144"
AS: AutoStreaming module initializing.
Refreshing native plugins compatible for Editor in 39.33 ms, found 2 plugins.
Preloading 0 native plugins for Editor in 0.00 ms.
Initialize engine version: 2021.3.4f1c1 (64682593795a)
[Subsystems] Discovering subsystems at path C:/Program Files/Unity 2021.3.4f1c1/Editor/Data/Resources/UnitySubsystems
[Subsystems] Discovering subsystems at path D:/Github/AssetsReferenceTool/AssetsReferenceTool/Assets
GfxDevice: creating device client; threaded=0; jobified=0
Direct3D:
    Version:  Direct3D 11.0 [level 11.1]
    Renderer: NVIDIA GeForce RTX 3060 (ID=0x2504)
    Vendor:   NVIDIA
    VRAM:     12142 MB
    Driver:   31.0.15.1694
Initialize mono
Mono path[0] = 'C:/Program Files/Unity 2021.3.4f1c1/Editor/Data/Managed'
Mono path[1] = 'C:/Program Files/Unity 2021.3.4f1c1/Editor/Data/MonoBleedingEdge/lib/mono/unityjit-win32'
Mono config path = 'C:/Program Files/Unity 2021.3.4f1c1/Editor/Data/MonoBleedingEdge/etc'
Using monoOptions --debugger-agent=transport=dt_socket,embedding=1,server=y,suspend=n,address=127.0.0.1:56092
Begin MonoManager ReloadAssembly
Registering precompiled unity dll's ...
Register platform support module: C:/Program Files/Unity 2021.3.4f1c1/Editor/Data/PlaybackEngines/AndroidPlayer/UnityEditor.Android.Extensions.dll
Register platform support module: C:/Program Files/Unity 2021.3.4f1c1/Editor/Data/PlaybackEngines/WindowsStandaloneSupport/UnityEditor.WindowsStandalone.Extensions.dll
Registered in 0.010328 seconds.
Native extension for WindowsStandalone target not found
Native extension for Android target not found
Refreshing native plugins compatible for Editor in 37.62 ms, found 2 plugins.
Preloading 0 native plugins for Editor in 0.00 ms.
Mono: successfully reloaded assembly
- Completed reload, in  0.807 seconds
Domain Reload Profiling:
	ReloadAssembly (807ms)
		BeginReloadAssembly (107ms)
			ExecutionOrderSort (0ms)
			DisableScriptedObjects (0ms)
			BackupInstance (0ms)
			ReleaseScriptingObjects (0ms)
			CreateAndSetChildDomain (1ms)
		EndReloadAssembly (539ms)
			LoadAssemblies (102ms)
			RebuildTransferFunctionScriptingTraits (0ms)
			SetupTypeCache (148ms)
			ReleaseScriptCaches (0ms)
			RebuildScriptCaches (37ms)
			SetupLoadedEditorAssemblies (284ms)
				LogAssemblyErrors (0ms)
				InitializePlatformSupportModulesInManaged (62ms)
				SetLoadedEditorAssemblies (1ms)
				RefreshPlugins (38ms)
				BeforeProcessingInitializeOnLoad (1ms)
				ProcessInitializeOnLoadAttributes (126ms)
				ProcessInitializeOnLoadMethodAttributes (56ms)
				AfterProcessingInitializeOnLoad (0ms)
				EditorAssembliesLoaded (0ms)
			ExecutionOrderSort2 (0ms)
			AwakeInstancesAfterBackupRestoration (0ms)
Platform modules already initialized, skipping
Registering precompiled user dll's ...
Registered in 0.010316 seconds.
Begin MonoManager ReloadAssembly
Native extension for WindowsStandalone target not found
Native extension for Android target not found
Refreshing native plugins compatible for Editor in 0.37 ms, found 2 plugins.
Preloading 0 native plugins for Editor in 0.00 ms.
Mono: successfully reloaded assembly
- Completed reload, in  1.054 seconds
Domain Reload Profiling:
	ReloadAssembly (1055ms)
		BeginReloadAssembly (139ms)
			ExecutionOrderSort (0ms)
			DisableScriptedObjects (6ms)
			BackupInstance (0ms)
			ReleaseScriptingObjects (0ms)
			CreateAndSetChildDomain (21ms)
		EndReloadAssembly (769ms)
			LoadAssemblies (99ms)
			RebuildTransferFunctionScriptingTraits (0ms)
			SetupTypeCache (206ms)
			ReleaseScriptCaches (0ms)
			RebuildScriptCaches (50ms)
			SetupLoadedEditorAssemblies (369ms)
				LogAssemblyErrors (0ms)
				InitializePlatformSupportModulesInManaged (18ms)
				SetLoadedEditorAssemblies (1ms)
				RefreshPlugins (0ms)
				BeforeProcessingInitializeOnLoad (65ms)
				ProcessInitializeOnLoadAttributes (236ms)
				ProcessInitializeOnLoadMethodAttributes (34ms)
				AfterProcessingInitializeOnLoad (15ms)
				EditorAssembliesLoaded (0ms)
			ExecutionOrderSort2 (0ms)
			AwakeInstancesAfterBackupRestoration (7ms)
Platform modules already initialized, skipping
========================================================================
Worker process is ready to serve import requests
Launched and connected shader compiler UnityShaderCompiler.exe after 0.12 seconds
Refreshing native plugins compatible for Editor in 0.33 ms, found 2 plugins.
Preloading 0 native plugins for Editor in 0.00 ms.
Unloading 1680 Unused Serialized files (Serialized files now loaded: 0)
Unloading 19 unused Assets / (55.6 KB). Loaded Objects now: 2147.
Memory consumption went from 72.0 MB to 72.0 MB.
Total: 3.104500 ms (FindLiveObjects: 0.194300 ms CreateObjectMapping: 0.135600 ms MarkObjects: 2.676600 ms  DeleteObjects: 0.096700 ms)

AssetImportParameters requested are different than current active one (requested -> active):
  custom:video-decoder-ogg-theora: a1e56fd34408186e4bbccfd4996cb3dc -> 
  custom:container-muxer-webm: aa71ff27fc2769a1b78a27578f13a17b -> 
  custom:container-demuxer-webm: 4f35f7cbe854078d1ac9338744f61a02 -> 
  custom:video-encoder-webm-vp8: eb34c28f22e8b96e1ab97ce403110664 -> 
  custom:audio-encoder-webm-vorbis: bf7c407c2cedff20999df2af8eb42d56 -> 
  custom:framework-win-MediaFoundation: 216162199b28c13a410421893ffa2e32 -> 
  custom:container-demuxer-ogg: 62fdf1f143b41e24485cea50d1cbac27 -> 
  custom:video-decoder-webm-vp8: 9c59270c3fd7afecdb556c50c9e8de78 -> 
  custom:audio-decoder-ogg-vorbis: bf7c407c2cedff20999df2af8eb42d56 -> 
========================================================================
Received Import Request.
  Time since last request: 257462.833777 seconds.
  path: Assets/Editor
  artifactKey: Guid(ce3288e89226ba641a431185dd40eae0) Importer(815301076,1909f56bfc062723c751e8b465ee728b)
Start importing Assets/Editor using Guid(ce3288e89226ba641a431185dd40eae0) Importer(815301076,1909f56bfc062723c751e8b465ee728b)  -> (artifact id: 'cb6253792bdf6b599ce5baa4b636096c') in 0.005095 seconds 
========================================================================
Received Import Request.
  Time since last request: 2.085168 seconds.
  path: Assets/Editor/AssetToolsWindow.cs
  artifactKey: Guid(d9a81f37b4b194b48a271364c9cc8aaa) Importer(815301076,1909f56bfc062723c751e8b465ee728b)
Start importing Assets/Editor/AssetToolsWindow.cs using Guid(d9a81f37b4b194b48a271364c9cc8aaa) Importer(815301076,1909f56bfc062723c751e8b465ee728b)  -> (artifact id: '90e993d4825ee06df47d6e63ff3da979') in 0.048695 seconds 
========================================================================
Received Import Request.
  Time since last request: 3.933370 seconds.
  path: Assets/Editor/BaseAssetTool.cs
  artifactKey: Guid(3a11b068262673345a748051e1b7ff33) Importer(815301076,1909f56bfc062723c751e8b465ee728b)
Start importing Assets/Editor/BaseAssetTool.cs using Guid(3a11b068262673345a748051e1b7ff33) Importer(815301076,1909f56bfc062723c751e8b465ee728b)  -> (artifact id: '74411ae97c4021e9f7405f8ea69d9988') in 0.002721 seconds 
========================================================================
Received Prepare
Registering precompiled user dll's ...
Registered in 0.012777 seconds.
Begin MonoManager ReloadAssembly
Native extension for WindowsStandalone target not found
Native extension for Android target not found
Refreshing native plugins compatible for Editor in 0.32 ms, found 2 plugins.
Preloading 0 native plugins for Editor in 0.00 ms.
Mono: successfully reloaded assembly
- Completed reload, in  1.240 seconds
Domain Reload Profiling:
	ReloadAssembly (1240ms)
		BeginReloadAssembly (201ms)
			ExecutionOrderSort (0ms)
			DisableScriptedObjects (9ms)
			BackupInstance (0ms)
			ReleaseScriptingObjects (0ms)
			CreateAndSetChildDomain (46ms)
		EndReloadAssembly (879ms)
			LoadAssemblies (121ms)
			RebuildTransferFunctionScriptingTraits (0ms)
			SetupTypeCache (225ms)
			ReleaseScriptCaches (1ms)
			RebuildScriptCaches (62ms)
			SetupLoadedEditorAssemblies (413ms)
				LogAssemblyErrors (0ms)
				InitializePlatformSupportModulesInManaged (26ms)
				SetLoadedEditorAssemblies (0ms)
				RefreshPlugins (1ms)
				BeforeProcessingInitializeOnLoad (66ms)
				ProcessInitializeOnLoadAttributes (269ms)
				ProcessInitializeOnLoadMethodAttributes (36ms)
				AfterProcessingInitializeOnLoad (15ms)
				EditorAssembliesLoaded (0ms)
			ExecutionOrderSort2 (0ms)
			AwakeInstancesAfterBackupRestoration (9ms)
Platform modules already initialized, skipping
Refreshing native plugins compatible for Editor in 1.59 ms, found 2 plugins.
Preloading 0 native plugins for Editor in 0.00 ms.
Unloading 1674 Unused Serialized files (Serialized files now loaded: 0)
Unloading 12 unused Assets / (24.6 KB). Loaded Objects now: 2150.
Memory consumption went from 71.8 MB to 71.8 MB.
Total: 2.960200 ms (FindLiveObjects: 0.213800 ms CreateObjectMapping: 0.295800 ms MarkObjects: 2.428600 ms  DeleteObjects: 0.020700 ms)

AssetImportParameters requested are different than current active one (requested -> active):
  custom:video-decoder-ogg-theora: a1e56fd34408186e4bbccfd4996cb3dc -> 
  custom:container-muxer-webm: aa71ff27fc2769a1b78a27578f13a17b -> 
  custom:container-demuxer-webm: 4f35f7cbe854078d1ac9338744f61a02 -> 
  custom:video-encoder-webm-vp8: eb34c28f22e8b96e1ab97ce403110664 -> 
  custom:audio-encoder-webm-vorbis: bf7c407c2cedff20999df2af8eb42d56 -> 
  custom:framework-win-MediaFoundation: 216162199b28c13a410421893ffa2e32 -> 
  custom:container-demuxer-ogg: 62fdf1f143b41e24485cea50d1cbac27 -> 
  custom:video-decoder-webm-vp8: 9c59270c3fd7afecdb556c50c9e8de78 -> 
  custom:audio-decoder-ogg-vorbis: bf7c407c2cedff20999df2af8eb42d56 -> 
========================================================================
Received Import Request.
  Time since last request: 53.580822 seconds.
  path: Assets
  artifactKey: Guid(00000000000000001000000000000000) Importer(815301076,1909f56bfc062723c751e8b465ee728b)
Start importing Assets using Guid(00000000000000001000000000000000) Importer(815301076,1909f56bfc062723c751e8b465ee728b)  -> (artifact id: '79842766b460edbeab6a34051e857a80') in 0.004937 seconds 
========================================================================
Received Import Request.
  Time since last request: 6.050878 seconds.
  path: Assets/ResourcesAssets
  artifactKey: Guid(2270184efd3085a4787168d7d1e6bda0) Importer(815301076,1909f56bfc062723c751e8b465ee728b)
Start importing Assets/ResourcesAssets using Guid(2270184efd3085a4787168d7d1e6bda0) Importer(815301076,1909f56bfc062723c751e8b465ee728b)  -> (artifact id: 'c9b31a41a6c528490f5d583018c2c230') in 0.003990 seconds 
========================================================================
Received Import Request.
  Time since last request: 4.117127 seconds.
  path: Assets/Scenes/SampleScene.unity
  artifactKey: Guid(9fc0d4010bbf28b4594072e72b8655ab) Importer(815301076,1909f56bfc062723c751e8b465ee728b)
Start importing Assets/Scenes/SampleScene.unity using Guid(9fc0d4010bbf28b4594072e72b8655ab) Importer(815301076,1909f56bfc062723c751e8b465ee728b)  -> (artifact id: '3a2f4ce21a1ff7f82b7621ab2bc32d07') in 0.001886 seconds 
========================================================================
Received Import Request.
  Time since last request: 31.187496 seconds.
  path: Assets/ResourcesAssets/Prefabs
  artifactKey: Guid(1c67e0b607800cd47ae14a39ca4b1c58) Importer(815301076,1909f56bfc062723c751e8b465ee728b)
Start importing Assets/ResourcesAssets/Prefabs using Guid(1c67e0b607800cd47ae14a39ca4b1c58) Importer(815301076,1909f56bfc062723c751e8b465ee728b)  -> (artifact id: '0eac5884b37c438fff7bb857e2c044a1') in 0.002527 seconds 
========================================================================
Received Import Request.
  Time since last request: 6.168615 seconds.
  path: Assets/ResourcesAssets/UI
  artifactKey: Guid(a21a53bcaa7535d47b61e6e2a4659074) Importer(815301076,1909f56bfc062723c751e8b465ee728b)
Start importing Assets/ResourcesAssets/UI using Guid(a21a53bcaa7535d47b61e6e2a4659074) Importer(815301076,1909f56bfc062723c751e8b465ee728b)  -> (artifact id: '932c80b88e8027e138a9753011f61508') in 0.002035 seconds 
========================================================================
Received Import Request.
  Time since last request: 22.393184 seconds.
  path: Assets/ResourcesAssets/UI/tex_common_btn_zuoyoujian.png
  artifactKey: Guid(168dbdf5f66298b439a7ec4fd64221ab) Importer(815301076,1909f56bfc062723c751e8b465ee728b)
Start importing Assets/ResourcesAssets/UI/tex_common_btn_zuoyoujian.png using Guid(168dbdf5f66298b439a7ec4fd64221ab) Importer(815301076,1909f56bfc062723c751e8b465ee728b)  -> (artifact id: '76205f6cab430e65ed0b318665ad52f1') in 0.063236 seconds 
========================================================================
Received Import Request.
  Time since last request: 4.035097 seconds.
  path: Assets/ResourcesAssets/UI/tex_common_btn_zuoyoujian.png
  artifactKey: Guid(168dbdf5f66298b439a7ec4fd64221ab) Importer(815301076,1909f56bfc062723c751e8b465ee728b)
Start importing Assets/ResourcesAssets/UI/tex_common_btn_zuoyoujian.png using Guid(168dbdf5f66298b439a7ec4fd64221ab) Importer(815301076,1909f56bfc062723c751e8b465ee728b)  -> (artifact id: '4db12cf299492a5c510e74becd40cb87') in 0.079881 seconds 
========================================================================
Received Import Request.
  Time since last request: 37.205765 seconds.
  path: Assets/ResourcesAssets/Prefabs/Canvas.prefab
  artifactKey: Guid(d02dc80774605bd42bc1bccb62049439) Importer(815301076,1909f56bfc062723c751e8b465ee728b)
Start importing Assets/ResourcesAssets/Prefabs/Canvas.prefab using Guid(d02dc80774605bd42bc1bccb62049439) Importer(815301076,1909f56bfc062723c751e8b465ee728b)  -> (artifact id: '5c5b05c2ab3d070730e02ad8b49012c7') in 0.026943 seconds 
